[debug] [2024-07-07T22:42:59.026Z] ----------------------------------------------------------------------
[debug] [2024-07-07T22:42:59.029Z] Command:       /nix/store/6g9n96qf1yx139xklnmy3v4xhjvjgsji-nodejs-20.12.2/bin/node /home/runner/JAM/.config/npm/node_global/bin/firebase login
[debug] [2024-07-07T22:42:59.030Z] CLI Version:   13.13.0
[debug] [2024-07-07T22:42:59.030Z] Platform:      linux
[debug] [2024-07-07T22:42:59.030Z] Node Version:  v20.12.2
[debug] [2024-07-07T22:42:59.030Z] Time:          Sun Jul 07 2024 22:42:59 GMT+0000 (Coordinated Universal Time)
[debug] [2024-07-07T22:42:59.030Z] ----------------------------------------------------------------------
[debug] 
[debug] [2024-07-07T22:42:59.033Z] >>> [apiv2][query] GET https://firebase-public.firebaseio.com/cli.json [none]
[info] i  Firebase optionally collects CLI and Emulator Suite usage and error reporting information to help improve our products. Data is collected in accordance with Google's privacy policy (https://policies.google.com/privacy) and is not used to identify you.
 
[debug] [2024-07-07T22:42:59.269Z] <<< [apiv2][status] GET https://firebase-public.firebaseio.com/cli.json 200
[debug] [2024-07-07T22:42:59.271Z] <<< [apiv2][body] GET https://firebase-public.firebaseio.com/cli.json {"cloudBuildErrorAfter":1594252800000,"cloudBuildWarnAfter":1590019200000,"defaultNode10After":1594252800000,"minVersion":"3.0.5","node8DeploysDisabledAfter":1613390400000,"node8RuntimeDisabledAfter":1615809600000,"node8WarnAfter":1600128000000}
[info] i  To change your data collection preference at any time, run `firebase logout` and log in again. 
[info] 
[info] Visit this URL on this device to log in:
[info] https://accounts.google.com/o/oauth2/auth?client_id=563584335869-fgrhgmd47bqnekij5i8b5pr03ho849e6.apps.googleusercontent.com&scope=email%20openid%20https%3A%2F%2Fwww.googleapis.com%2Fauth%2Fcloudplatformprojects.readonly%20https%3A%2F%2Fwww.googleapis.com%2Fauth%2Ffirebase%20https%3A%2F%2Fwww.googleapis.com%2Fauth%2Fcloud-platform&response_type=code&state=705358104&redirect_uri=http%3A%2F%2Flocalhost%3A9005
[info] 
[info] Waiting for authentication...
[debug] [2024-07-07T22:44:19.945Z] ----------------------------------------------------------------------
[debug] [2024-07-07T22:44:19.949Z] Command:       /nix/store/6g9n96qf1yx139xklnmy3v4xhjvjgsji-nodejs-20.12.2/bin/node /home/runner/JAM/.config/npm/node_global/bin/firebase login
[debug] [2024-07-07T22:44:19.950Z] CLI Version:   13.13.0
[debug] [2024-07-07T22:44:19.950Z] Platform:      linux
[debug] [2024-07-07T22:44:19.950Z] Node Version:  v20.12.2
[debug] [2024-07-07T22:44:19.950Z] Time:          Sun Jul 07 2024 22:44:19 GMT+0000 (Coordinated Universal Time)
[debug] [2024-07-07T22:44:19.951Z] ----------------------------------------------------------------------
[debug] 
[info] i  Firebase optionally collects CLI and Emulator Suite usage and error reporting information to help improve our products. Data is collected in accordance with Google's privacy policy (https://policies.google.com/privacy) and is not used to identify you.
 
[info] i  To change your data collection preference at any time, run `firebase logout` and log in again. 
[info] 
[info] Visit this URL on this device to log in:
[info] https://accounts.google.com/o/oauth2/auth?client_id=563584335869-fgrhgmd47bqnekij5i8b5pr03ho849e6.apps.googleusercontent.com&scope=email%20openid%20https%3A%2F%2Fwww.googleapis.com%2Fauth%2Fcloudplatformprojects.readonly%20https%3A%2F%2Fwww.googleapis.com%2Fauth%2Ffirebase%20https%3A%2F%2Fwww.googleapis.com%2Fauth%2Fcloud-platform&response_type=code&state=1027379224&redirect_uri=http%3A%2F%2Flocalhost%3A9005
[info] 
[info] Waiting for authentication...
[debug] [2024-07-09T00:24:36.086Z] ----------------------------------------------------------------------
[debug] [2024-07-09T00:24:36.088Z] Command:       /nix/store/6g9n96qf1yx139xklnmy3v4xhjvjgsji-nodejs-20.12.2/bin/node /home/runner/JAM/.config/npm/node_global/bin/firebase login
[debug] [2024-07-09T00:24:36.089Z] CLI Version:   13.13.0
[debug] [2024-07-09T00:24:36.089Z] Platform:      linux
[debug] [2024-07-09T00:24:36.089Z] Node Version:  v20.12.2
[debug] [2024-07-09T00:24:36.089Z] Time:          Tue Jul 09 2024 00:24:36 GMT+0000 (Coordinated Universal Time)
[debug] [2024-07-09T00:24:36.089Z] ----------------------------------------------------------------------
[debug] 
[debug] [2024-07-09T00:24:36.092Z] >>> [apiv2][query] GET https://firebase-public.firebaseio.com/cli.json [none]
[info] i  Firebase optionally collects CLI and Emulator Suite usage and error reporting information to help improve our products. Data is collected in accordance with Google's privacy policy (https://policies.google.com/privacy) and is not used to identify you.
 
[debug] [2024-07-09T00:24:36.257Z] <<< [apiv2][status] GET https://firebase-public.firebaseio.com/cli.json 200
[debug] [2024-07-09T00:24:36.258Z] <<< [apiv2][body] GET https://firebase-public.firebaseio.com/cli.json {"cloudBuildErrorAfter":1594252800000,"cloudBuildWarnAfter":1590019200000,"defaultNode10After":1594252800000,"minVersion":"3.0.5","node8DeploysDisabledAfter":1613390400000,"node8RuntimeDisabledAfter":1615809600000,"node8WarnAfter":1600128000000}
[info] i  To change your data collection preference at any time, run `firebase logout` and log in again. 
[info] 
[info] Visit this URL on this device to log in:
[info] https://accounts.google.com/o/oauth2/auth?client_id=563584335869-fgrhgmd47bqnekij5i8b5pr03ho849e6.apps.googleusercontent.com&scope=email%20openid%20https%3A%2F%2Fwww.googleapis.com%2Fauth%2Fcloudplatformprojects.readonly%20https%3A%2F%2Fwww.googleapis.com%2Fauth%2Ffirebase%20https%3A%2F%2Fwww.googleapis.com%2Fauth%2Fcloud-platform&response_type=code&state=1048767125&redirect_uri=http%3A%2F%2Flocalhost%3A9005
[info] 
[info] Waiting for authentication...
